app/build/intermediates/manifest_merge_blame_file/release/manifest-merger-blame-release-report.txt
1<?xml version="1.0" encoding="utf-8"?>
2<manifest xmlns:android="http://schemas.android.com/apk/res/android"
3    package="com.adpth.bmicalculator"
4    android:versionCode="1"
5    android:versionName="1.0" >
6
7    <uses-sdk
8        android:minSdkVersion="16"
8-->src\main\AndroidManifest.xml
9        android:targetSdkVersion="30" />
9-->src\main\AndroidManifest.xml
10
11    <uses-permission android:name="android.permission.INTERNET" />
11-->src\main\AndroidManifest.xml:4:5-67
11-->src\main\AndroidManifest.xml:4:22-64
12
13    <application
13-->src\main\AndroidManifest.xml:5:5-27:19
14        android:allowBackup="true"
14-->src\main\AndroidManifest.xml:6:9-35
15        android:appComponentFactory="androidx.core.app.CoreComponentFactory"
15-->[androidx.core:core:1.3.1] AndroidManifest.xml:24:18-86
16        android:icon="@drawable/apico"
16-->src\main\AndroidManifest.xml:7:9-39
17        android:label="@string/app_name"
17-->src\main\AndroidManifest.xml:8:9-41
18        android:roundIcon="@drawable/apico"
18-->src\main\AndroidManifest.xml:9:9-44
19        android:supportsRtl="true"
19-->src\main\AndroidManifest.xml:11:9-35
20        android:theme="@style/AppTheme"
20-->src\main\AndroidManifest.xml:12:9-40
21        android:usesCleartextTraffic="true" >
21-->src\main\AndroidManifest.xml:10:9-44
22        <activity android:name="com.adpth.bmicalculator.DietplanActivity" />
22-->src\main\AndroidManifest.xml:13:9-63
22-->src\main\AndroidManifest.xml:13:19-51
23        <activity android:name="com.adpth.bmicalculator.ResultActivity" />
23-->src\main\AndroidManifest.xml:14:9-52
23-->src\main\AndroidManifest.xml:14:19-49
24        <activity android:name="com.adpth.bmicalculator.SplashActivity" >
24-->src\main\AndroidManifest.xml:15:9-25:20
24-->src\main\AndroidManifest.xml:15:19-49
25            <intent-filter>
25-->src\main\AndroidManifest.xml:16:13-20:29
26                <action android:name="android.intent.action.MAIN" />
26-->src\main\AndroidManifest.xml:17:17-69
26-->src\main\AndroidManifest.xml:17:25-66
27
28                <category android:name="android.intent.category.LAUNCHER" />
28-->src\main\AndroidManifest.xml:19:17-77
28-->src\main\AndroidManifest.xml:19:27-74
29            </intent-filter>
30
31            <meta-data
31-->src\main\AndroidManifest.xml:21:13-24:25
32                android:name="android.app.shortcuts"
32-->src\main\AndroidManifest.xml:22:17-53
33                android:resource="@xml/shortcuts" >
33-->src\main\AndroidManifest.xml:23:17-50
34            </meta-data>
35        </activity>
36        <activity android:name="com.adpth.bmicalculator.MainActivity" />
36-->src\main\AndroidManifest.xml:26:9-50
36-->src\main\AndroidManifest.xml:26:19-47
37    </application>
38
39</manifest>